<?xml version="1.0" encoding="UTF-8"?>
<!-- Generated by org.testng.reporters.JUnitXMLReporter -->
<testsuite hostname="pjs-MacBook-Pro.home" ignored="0" name="Default test" tests="1" failures="0" timestamp="2020-02-06T20:14:21 CST" time="2.092" errors="0">
  <testcase name="@BeforeTest intialize" time="2.026" classname="Academy.ValidateTitle">
    <failure type="org.openqa.selenium.SessionNotCreatedException" message="session not created: This version of ChromeDriver only supports Chrome version 78
Build info: version: &amp;apos;3.141.59&amp;apos;, revision: &amp;apos;e82be7d358&amp;apos;, time: &amp;apos;2018-11-14T08:17:03&amp;apos;
System info: host: &amp;apos;pjs-MacBook-Pro.home&amp;apos;, ip: &amp;apos;fe80:0:0:0:c39:d49f:b63a:3305%en0&amp;apos;, os.name: &amp;apos;Mac OS X&amp;apos;, os.arch: &amp;apos;x86_64&amp;apos;, os.version: &amp;apos;10.14.6&amp;apos;, java.version: &amp;apos;1.8.0_231&amp;apos;
Driver info: driver.version: ChromeDriver
remote stacktrace: 0   chromedriver                        0x000000010c46ce99 chromedriver + 3747481
1   chromedriver                        0x000000010c4014d3 chromedriver + 3306707
2   chromedriver                        0x000000010c190fef chromedriver + 749551
3   chromedriver                        0x000000010c0f29db chromedriver + 100827
4   chromedriver                        0x000000010c0eead1 chromedriver + 84689
5   chromedriver                        0x000000010c11cf97 chromedriver + 274327
6   chromedriver                        0x000000010c11a163 chromedriver + 262499
7   chromedriver                        0x000000010c0f4b0d chromedriver + 109325
8   chromedriver                        0x000000010c0f5aa5 chromedriver + 113317
9   chromedriver                        0x000000010c42ff7f chromedriver + 3497855
10  chromedriver                        0x000000010c43cb7d chromedriver + 3550077
11  chromedriver                        0x000000010c43c908 chromedriver + 3549448
12  chromedriver                        0x000000010c40f029 chromedriver + 3362857
13  chromedriver                        0x000000010c43d3d8 chromedriver + 3552216
14  chromedriver                        0x000000010c423a37 chromedriver + 3447351
15  chromedriver                        0x000000010c452f94 chromedriver + 3641236
16  chromedriver                        0x000000010c472c87 chromedriver + 3771527
17  libsystem_pthread.dylib             0x00007fff6bbeb2eb _pthread_body + 126
18  libsystem_pthread.dylib             0x00007fff6bbee249 _pthread_start + 66
19  libsystem_pthread.dylib             0x00007fff6bbea40d thread_start + 13
">
      <![CDATA[org.openqa.selenium.SessionNotCreatedException: session not created: This version of ChromeDriver only supports Chrome version 78
Build info: version: '3.141.59', revision: 'e82be7d358', time: '2018-11-14T08:17:03'
System info: host: 'pjs-MacBook-Pro.home', ip: 'fe80:0:0:0:c39:d49f:b63a:3305%en0', os.name: 'Mac OS X', os.arch: 'x86_64', os.version: '10.14.6', java.version: '1.8.0_231'
Driver info: driver.version: ChromeDriver
remote stacktrace: 0   chromedriver                        0x000000010c46ce99 chromedriver + 3747481
1   chromedriver                        0x000000010c4014d3 chromedriver + 3306707
2   chromedriver                        0x000000010c190fef chromedriver + 749551
3   chromedriver                        0x000000010c0f29db chromedriver + 100827
4   chromedriver                        0x000000010c0eead1 chromedriver + 84689
5   chromedriver                        0x000000010c11cf97 chromedriver + 274327
6   chromedriver                        0x000000010c11a163 chromedriver + 262499
7   chromedriver                        0x000000010c0f4b0d chromedriver + 109325
8   chromedriver                        0x000000010c0f5aa5 chromedriver + 113317
9   chromedriver                        0x000000010c42ff7f chromedriver + 3497855
10  chromedriver                        0x000000010c43cb7d chromedriver + 3550077
11  chromedriver                        0x000000010c43c908 chromedriver + 3549448
12  chromedriver                        0x000000010c40f029 chromedriver + 3362857
13  chromedriver                        0x000000010c43d3d8 chromedriver + 3552216
14  chromedriver                        0x000000010c423a37 chromedriver + 3447351
15  chromedriver                        0x000000010c452f94 chromedriver + 3641236
16  chromedriver                        0x000000010c472c87 chromedriver + 3771527
17  libsystem_pthread.dylib             0x00007fff6bbeb2eb _pthread_body + 126
18  libsystem_pthread.dylib             0x00007fff6bbee249 _pthread_start + 66
19  libsystem_pthread.dylib             0x00007fff6bbea40d thread_start + 13

at sun.reflect.NativeConstructorAccessorImpl.newInstance0(Native Method)
at sun.reflect.NativeConstructorAccessorImpl.newInstance(NativeConstructorAccessorImpl.java:62)
at sun.reflect.DelegatingConstructorAccessorImpl.newInstance(DelegatingConstructorAccessorImpl.java:45)
at java.lang.reflect.Constructor.newInstance(Constructor.java:423)
at org.openqa.selenium.remote.W3CHandshakeResponse.lambda$errorHandler$0(W3CHandshakeResponse.java:62)
at org.openqa.selenium.remote.HandshakeResponse.lambda$getResponseFunction$0(HandshakeResponse.java:30)
at org.openqa.selenium.remote.ProtocolHandshake.lambda$createSession$0(ProtocolHandshake.java:126)
at java.util.stream.ReferencePipeline$3$1.accept(ReferencePipeline.java:193)
at java.util.Spliterators$ArraySpliterator.tryAdvance(Spliterators.java:958)
at java.util.stream.ReferencePipeline.forEachWithCancel(ReferencePipeline.java:126)
at java.util.stream.AbstractPipeline.copyIntoWithCancel(AbstractPipeline.java:499)
at java.util.stream.AbstractPipeline.copyInto(AbstractPipeline.java:486)
at java.util.stream.AbstractPipeline.wrapAndCopyInto(AbstractPipeline.java:472)
at java.util.stream.FindOps$FindOp.evaluateSequential(FindOps.java:152)
at java.util.stream.AbstractPipeline.evaluate(AbstractPipeline.java:234)
at java.util.stream.ReferencePipeline.findFirst(ReferencePipeline.java:464)
at org.openqa.selenium.remote.ProtocolHandshake.createSession(ProtocolHandshake.java:128)
at org.openqa.selenium.remote.ProtocolHandshake.createSession(ProtocolHandshake.java:74)
at org.openqa.selenium.remote.HttpCommandExecutor.execute(HttpCommandExecutor.java:136)
at org.openqa.selenium.remote.service.DriverCommandExecutor.execute(DriverCommandExecutor.java:83)
at org.openqa.selenium.remote.RemoteWebDriver.execute(RemoteWebDriver.java:552)
at org.openqa.selenium.remote.RemoteWebDriver.startSession(RemoteWebDriver.java:213)
at org.openqa.selenium.remote.RemoteWebDriver.<init>(RemoteWebDriver.java:131)
at org.openqa.selenium.chrome.ChromeDriver.<init>(ChromeDriver.java:181)
at org.openqa.selenium.chrome.ChromeDriver.<init>(ChromeDriver.java:168)
at org.openqa.selenium.chrome.ChromeDriver.<init>(ChromeDriver.java:123)
at resources.base.intializeDriver(base.java:30)
at Academy.ValidateTitle.intialize(ValidateTitle.java:22)
at sun.reflect.NativeMethodAccessorImpl.invoke0(Native Method)
at sun.reflect.NativeMethodAccessorImpl.invoke(NativeMethodAccessorImpl.java:62)
at sun.reflect.DelegatingMethodAccessorImpl.invoke(DelegatingMethodAccessorImpl.java:43)
at java.lang.reflect.Method.invoke(Method.java:498)
at org.testng.internal.MethodInvocationHelper.invokeMethod(MethodInvocationHelper.java:133)
at org.testng.internal.MethodInvocationHelper.invokeMethodConsideringTimeout(MethodInvocationHelper.java:62)
at org.testng.internal.ConfigInvoker.invokeConfigurationMethod(ConfigInvoker.java:340)
at org.testng.internal.ConfigInvoker.invokeConfigurations(ConfigInvoker.java:294)
at org.testng.TestRunner.invokeTestConfigurations(TestRunner.java:623)
at org.testng.TestRunner.beforeRun(TestRunner.java:613)
at org.testng.TestRunner.run(TestRunner.java:584)
at org.testng.SuiteRunner.runTest(SuiteRunner.java:402)
at org.testng.SuiteRunner.runSequentially(SuiteRunner.java:396)
at org.testng.SuiteRunner.privateRun(SuiteRunner.java:355)
at org.testng.SuiteRunner.run(SuiteRunner.java:304)
at org.testng.SuiteRunnerWorker.runSuite(SuiteRunnerWorker.java:53)
at org.testng.SuiteRunnerWorker.run(SuiteRunnerWorker.java:96)
at org.testng.TestNG.runSuitesSequentially(TestNG.java:1180)
at org.testng.TestNG.runSuitesLocally(TestNG.java:1102)
at org.testng.TestNG.runSuites(TestNG.java:1032)
at org.testng.TestNG.run(TestNG.java:1000)
at org.testng.remote.AbstractRemoteTestNG.run(AbstractRemoteTestNG.java:115)
at org.testng.remote.RemoteTestNG.initAndRun(RemoteTestNG.java:251)
at org.testng.remote.RemoteTestNG.main(RemoteTestNG.java:77)
]]>
    </failure>
  </testcase> <!-- @BeforeTest intialize -->
  <testcase name="@AfterTest teardown" time="-1.581041661665E9" classname="Academy.ValidateTitle">
    <skipped/>
  </testcase> <!-- @AfterTest teardown -->
  <testcase name="validateApp" time="0.0" classname="Academy.ValidateTitle">
    <skipped/>
  </testcase> <!-- validateApp -->
</testsuite> <!-- Default test -->
