<?xml version="1.0" encoding="UTF-8"?>
<!-- Generated by org.testng.reporters.JUnitXMLReporter -->
<testsuite hostname="pjs-MacBook-Pro.attlocal.net" ignored="0" name="validating title" tests="1" failures="1" timestamp="21 Jan 2020 19:59:21 GMT" time="15.777" errors="0">
  <testcase name="validateApp" time="0.042" classname="Academy.ValidateTitle">
    <failure type="java.lang.AssertionError" message="expected:&amp;lt;FEATURED COURSES123&amp;gt; but was:&amp;lt;FEATURED COURSES&amp;gt;">
      <![CDATA[java.lang.AssertionError: expected:<FEATURED COURSES123> but was:<FEATURED COURSES>
at Academy.ValidateTitle.validateApp(ValidateTitle.java:34)
... Removed 31 stack frames]]>
    </failure>
  </testcase> <!-- validateApp -->
</testsuite> <!-- validating title -->
