<!DOCTYPE html PUBLIC "-//W3C//DTD XHTML 1.1//EN" "http://www.w3.org/TR/xhtml11/DTD/xhtml11.dtd">
<html xmlns="http://www.w3.org/1999/xhtml">
<head>
<meta http-equiv="content-type" content="text/html; charset=UTF-8"/>
<title>TestNG Report</title>
<style type="text/css">table {margin-bottom:10px;border-collapse:collapse;empty-cells:show}th,td {border:1px solid #009;padding:.25em .5em}th {vertical-align:bottom}td {vertical-align:top}table a {font-weight:bold}.stripe td {background-color: #E6EBF9}.num {text-align:right}.passedodd td {background-color: #3F3}.passedeven td {background-color: #0A0}.skippedodd td {background-color: #DDD}.skippedeven td {background-color: #CCC}.failedodd td,.attn {background-color: #F33}.failedeven td,.stripe .attn {background-color: #D00}.stacktrace {white-space:pre;font-family:monospace}.totop {font-size:85%;text-align:center;border-bottom:2px solid #000}.invisible {display:none}</style>
</head>
<body>
<table>
<tr><th>Test</th><th># Passed</th><th># Skipped</th><th># Failed</th><th>Time (ms)</th><th>Included Groups</th><th>Excluded Groups</th></tr>
<tr><th colspan="7">Suite</th></tr>
<tr><td><a href="#t0">AppTest</a></td><td class="num">1</td><td class="num">0</td><td class="num">0</td><td class="num">38</td><td></td><td></td></tr>
<tr class="stripe"><td><a href="#t1">validating title</a></td><td class="num">0</td><td class="num">0</td><td class="num attn">1</td><td class="num">15,777</td><td></td><td></td></tr>
<tr><td><a href="#t2">hometest</a></td><td class="num">1</td><td class="num">0</td><td class="num attn">1</td><td class="num">28,213</td><td></td><td></td></tr>
<tr class="stripe"><td><a href="#t3">validating navbar</a></td><td class="num">1</td><td class="num">0</td><td class="num">0</td><td class="num">15,129</td><td></td><td></td></tr>
<tr><th>Total</th><th class="num">3</th><th class="num">0</th><th class="num attn">2</th><th class="num">59,157</th><th colspan="2"></th></tr>
</table>
<table id='summary'><thead><tr><th>Class</th><th>Method</th><th>Start</th><th>Time (ms)</th></tr></thead><tbody><tr><th colspan="4">Suite</th></tr></tbody><tbody id="t0"><tr><th colspan="4">AppTest &#8212; passed</th></tr><tr class="passedeven"><td rowspan="1">Academy.AppTest</td><td><a href="#m0">testApp</a></td><td rowspan="1">1579636745250</td><td rowspan="1">9</td></tr></tbody>
<tbody id="t1"><tr><th colspan="4">validating title &#8212; failed</th></tr><tr class="failedeven"><td rowspan="1">Academy.ValidateTitle</td><td><a href="#m1">validateApp</a></td><td rowspan="1">1579636758148</td><td rowspan="1">42</td></tr></tbody>
<tbody id="t2"><tr><th colspan="4">hometest &#8212; failed</th></tr><tr class="failedeven"><td rowspan="1">Academy.HomePage</td><td><a href="#m2">basePageNavigation</a></td><td rowspan="1">1579636762959</td><td rowspan="1">16090</td></tr><tr><th colspan="4">hometest &#8212; passed</th></tr><tr class="passedeven"><td rowspan="1">Academy.HomePage</td><td><a href="#m3">basePageNavigation</a></td><td rowspan="1">1579636780833</td><td rowspan="1">8197</td></tr></tbody>
<tbody id="t3"><tr><th colspan="4">validating navbar &#8212; passed</th></tr><tr class="passedeven"><td rowspan="1">Academy.ValidateNavBar</td><td><a href="#m4">validateNav</a></td><td rowspan="1">1579636804217</td><td rowspan="1">101</td></tr></tbody>
</table>
<h2>AppTest</h2><h3 id="m0">Academy.AppTest#testApp</h3><table class="result"><tr><th class="invisible"/></tr></table><p class="totop"><a href="#summary">back to summary</a></p>
<h2>validating title</h2><h3 id="m1">Academy.ValidateTitle#validateApp</h3><table class="result"><tr><th>Exception</th></tr><tr><td><div class="stacktrace">java.lang.AssertionError: expected:&lt;FEATURED COURSES123&gt; but was:&lt;FEATURED COURSES&gt;
	at Academy.ValidateTitle.validateApp(ValidateTitle.java:34)
... Removed 31 stack frames</div></td></tr></table><p class="totop"><a href="#summary">back to summary</a></p>
<h2>hometest</h2><h3 id="m2">Academy.HomePage#basePageNavigation</h3><table class="result"><tr class="param"><th>Parameter #1</th><th>Parameter #2</th></tr><tr class="param stripe"><td>nonrestricted@qa.com</td><td>12345</td></tr><tr><th colspan="2">Exception</th></tr><tr><td colspan="2"><div class="stacktrace">org.openqa.selenium.ElementClickInterceptedException: element click intercepted: Element &lt;a href=&quot;http://qaclickacademy.usefedora.com/sign_in&quot;&gt;...&lt;/a&gt; is not clickable at point (1158, 16). Other element would receive the click: &lt;div class=&quot;listbuilder-popup-content&quot;&gt;...&lt;/div&gt;
  (Session info: chrome=79.0.3945.117)
Build info: version: &apos;3.141.59&apos;, revision: &apos;e82be7d358&apos;, time: &apos;2018-11-14T08:17:03&apos;
System info: host: &apos;pjs-MacBook-Pro.attlocal.net&apos;, ip: &apos;2600:1700:8e01:77e0:0:0:0:12%en0&apos;, os.name: &apos;Mac OS X&apos;, os.arch: &apos;x86_64&apos;, os.version: &apos;10.14.6&apos;, java.version: &apos;1.8.0_231&apos;
Driver info: org.openqa.selenium.chrome.ChromeDriver
Capabilities {acceptInsecureCerts: false, browserName: chrome, browserVersion: 79.0.3945.117, chrome: {chromedriverVersion: 78.0.3904.105 (60e2d8774a81..., userDataDir: /var/folders/hv/bhmv19nj29x...}, goog:chromeOptions: {debuggerAddress: localhost:53756}, javascriptEnabled: true, networkConnectionEnabled: false, pageLoadStrategy: normal, platform: MAC, platformName: MAC, proxy: Proxy(), setWindowRect: true, strictFileInteractability: false, timeouts: {implicit: 0, pageLoad: 300000, script: 30000}, unhandledPromptBehavior: dismiss and notify}
Session ID: 653dc2d903252b57211fa4250b2f40f9
	at org.openqa.selenium.remote.http.W3CHttpResponseCodec.createException(W3CHttpResponseCodec.java:187)
	at org.openqa.selenium.remote.http.W3CHttpResponseCodec.decode(W3CHttpResponseCodec.java:122)
	at org.openqa.selenium.remote.http.W3CHttpResponseCodec.decode(W3CHttpResponseCodec.java:49)
	at org.openqa.selenium.remote.HttpCommandExecutor.execute(HttpCommandExecutor.java:158)
	at org.openqa.selenium.remote.service.DriverCommandExecutor.execute(DriverCommandExecutor.java:83)
	at org.openqa.selenium.remote.RemoteWebDriver.execute(RemoteWebDriver.java:552)
	at org.openqa.selenium.remote.RemoteWebElement.execute(RemoteWebElement.java:285)
	at org.openqa.selenium.remote.RemoteWebElement.click(RemoteWebElement.java:84)
	at Academy.HomePage.basePageNavigation(HomePage.java:34)
... Removed 33 stack frames</div></td></tr></table><p class="totop"><a href="#summary">back to summary</a></p>
<h3 id="m3">Academy.HomePage#basePageNavigation</h3><table class="result"><tr class="param"><th>Parameter #1</th><th>Parameter #2</th></tr><tr class="param stripe"><td>restricted@qa.com</td><td>4445</td></tr></table><p class="totop"><a href="#summary">back to summary</a></p>
<h2>validating navbar</h2><h3 id="m4">Academy.ValidateNavBar#validateNav</h3><table class="result"><tr><th class="invisible"/></tr></table><p class="totop"><a href="#summary">back to summary</a></p>
</body>
</html>
